<?xml version="1.0" encoding="UTF-8"?>
<testsuite xmlns:xsi="http://www.w3.org/2001/XMLSchema-instance" xsi:noNamespaceSchemaLocation="https://maven.apache.org/surefire/maven-surefire-plugin/xsd/surefire-test-report.xsd" name="com.onecompany.child.AppTest" time="0.017" tests="1" errors="0" skipped="0" failures="0">
  <properties>
    <property name="java.specification.version" value="19"/>
    <property name="sun.jnu.encoding" value="UTF-8"/>
    <property name="java.class.path" value="/Users/sails/Documents/code/mav/child/target/test-classes:/Users/sails/Documents/code/mav/child/target/classes:/Users/sails/.m2/repository/org/apache/logging/log4j/log4j-jcl/2.19.0/log4j-jcl-2.19.0.jar:/Users/sails/.m2/repository/commons-logging/commons-logging/1.2/commons-logging-1.2.jar:/Users/sails/.m2/repository/org/apache/logging/log4j/log4j-api/2.19.0/log4j-api-2.19.0.jar:/Users/sails/.m2/repository/org/apache/logging/log4j/log4j-core/2.19.0/log4j-core-2.19.0.jar:/Users/sails/.m2/repository/ch/qos/logback/logback-classic/1.4.3/logback-classic-1.4.3.jar:/Users/sails/.m2/repository/ch/qos/logback/logback-core/1.4.3/logback-core-1.4.3.jar:/Users/sails/.m2/repository/org/slf4j/slf4j-api/2.0.1/slf4j-api-2.0.1.jar:/Users/sails/.m2/repository/com/google/cloud/google-cloud-logging-logback/0.127.10-alpha/google-cloud-logging-logback-0.127.10-alpha.jar:/Users/sails/.m2/repository/com/google/cloud/google-cloud-logging/3.11.3/google-cloud-logging-3.11.3.jar:/Users/sails/.m2/repository/com/google/guava/failureaccess/1.0.1/failureaccess-1.0.1.jar:/Users/sails/.m2/repository/com/google/guava/listenablefuture/9999.0-empty-to-avoid-conflict-with-guava/listenablefuture-9999.0-empty-to-avoid-conflict-with-guava.jar:/Users/sails/.m2/repository/com/google/code/findbugs/jsr305/3.0.2/jsr305-3.0.2.jar:/Users/sails/.m2/repository/org/checkerframework/checker-qual/3.25.0/checker-qual-3.25.0.jar:/Users/sails/.m2/repository/com/google/j2objc/j2objc-annotations/1.3/j2objc-annotations-1.3.jar:/Users/sails/.m2/repository/com/google/code/gson/gson/2.9.1/gson-2.9.1.jar:/Users/sails/.m2/repository/io/grpc/grpc-api/1.49.0/grpc-api-1.49.0.jar:/Users/sails/.m2/repository/io/grpc/grpc-context/1.49.0/grpc-context-1.49.0.jar:/Users/sails/.m2/repository/io/grpc/grpc-stub/1.49.0/grpc-stub-1.49.0.jar:/Users/sails/.m2/repository/io/grpc/grpc-protobuf/1.49.0/grpc-protobuf-1.49.0.jar:/Users/sails/.m2/repository/io/grpc/grpc-protobuf-lite/1.49.0/grpc-protobuf-lite-1.49.0.jar:/Users/sails/.m2/repository/javax/annotation/javax.annotation-api/1.3.2/javax.annotation-api-1.3.2.jar:/Users/sails/.m2/repository/com/google/protobuf/protobuf-java-util/3.21.6/protobuf-java-util-3.21.6.jar:/Users/sails/.m2/repository/com/google/api/grpc/proto-google-common-protos/2.9.2/proto-google-common-protos-2.9.2.jar:/Users/sails/.m2/repository/com/google/api/grpc/proto-google-cloud-logging-v2/0.100.3/proto-google-cloud-logging-v2-0.100.3.jar:/Users/sails/.m2/repository/com/google/api/gax/2.19.1/gax-2.19.1.jar:/Users/sails/.m2/repository/com/google/auth/google-auth-library-credentials/1.11.0/google-auth-library-credentials-1.11.0.jar:/Users/sails/.m2/repository/com/google/api/gax-grpc/2.19.1/gax-grpc-2.19.1.jar:/Users/sails/.m2/repository/io/grpc/grpc-alts/1.49.0/grpc-alts-1.49.0.jar:/Users/sails/.m2/repository/io/grpc/grpc-grpclb/1.49.0/grpc-grpclb-1.49.0.jar:/Users/sails/.m2/repository/org/conscrypt/conscrypt-openjdk-uber/2.5.2/conscrypt-openjdk-uber-2.5.2.jar:/Users/sails/.m2/repository/io/grpc/grpc-auth/1.49.0/grpc-auth-1.49.0.jar:/Users/sails/.m2/repository/io/grpc/grpc-netty-shaded/1.49.0/grpc-netty-shaded-1.49.0.jar:/Users/sails/.m2/repository/io/grpc/grpc-googleapis/1.49.0/grpc-googleapis-1.49.0.jar:/Users/sails/.m2/repository/io/grpc/grpc-xds/1.49.0/grpc-xds-1.49.0.jar:/Users/sails/.m2/repository/io/opencensus/opencensus-proto/0.2.0/opencensus-proto-0.2.0.jar:/Users/sails/.m2/repository/io/grpc/grpc-services/1.49.0/grpc-services-1.49.0.jar:/Users/sails/.m2/repository/com/google/re2j/re2j/1.6/re2j-1.6.jar:/Users/sails/.m2/repository/org/threeten/threetenbp/1.6.1/threetenbp-1.6.1.jar:/Users/sails/.m2/repository/com/google/cloud/google-cloud-core-grpc/2.8.12/google-cloud-core-grpc-2.8.12.jar:/Users/sails/.m2/repository/com/google/auto/value/auto-value-annotations/1.9/auto-value-annotations-1.9.jar:/Users/sails/.m2/repository/com/google/http-client/google-http-client-gson/1.42.2/google-http-client-gson-1.42.2.jar:/Users/sails/.m2/repository/com/google/http-client/google-http-client/1.42.2/google-http-client-1.42.2.jar:/Users/sails/.m2/repository/org/apache/httpcomponents/httpclient/4.5.13/httpclient-4.5.13.jar:/Users/sails/.m2/repository/commons-codec/commons-codec/1.15/commons-codec-1.15.jar:/Users/sails/.m2/repository/org/apache/httpcomponents/httpcore/4.4.15/httpcore-4.4.15.jar:/Users/sails/.m2/repository/io/opencensus/opencensus-api/0.31.1/opencensus-api-0.31.1.jar:/Users/sails/.m2/repository/io/opencensus/opencensus-contrib-http-util/0.31.1/opencensus-contrib-http-util-0.31.1.jar:/Users/sails/.m2/repository/io/grpc/grpc-core/1.49.0/grpc-core-1.49.0.jar:/Users/sails/.m2/repository/com/google/android/annotations/4.1.1.4/annotations-4.1.1.4.jar:/Users/sails/.m2/repository/org/codehaus/mojo/animal-sniffer-annotations/1.22/animal-sniffer-annotations-1.22.jar:/Users/sails/.m2/repository/io/perfmark/perfmark-api/0.25.0/perfmark-api-0.25.0.jar:/Users/sails/.m2/repository/com/google/api/grpc/proto-google-iam-v1/1.5.2/proto-google-iam-v1-1.5.2.jar:/Users/sails/.m2/repository/org/jspecify/jspecify/0.2.0/jspecify-0.2.0.jar:/Users/sails/.m2/repository/com/google/errorprone/error_prone_annotations/2.15.0/error_prone_annotations-2.15.0.jar:/Users/sails/.m2/repository/com/google/api/api-common/2.2.1/api-common-2.2.1.jar:/Users/sails/.m2/repository/com/google/cloud/google-cloud-core/2.8.12/google-cloud-core-2.8.12.jar:/Users/sails/.m2/repository/com/google/auth/google-auth-library-oauth2-http/1.11.0/google-auth-library-oauth2-http-1.11.0.jar:/Users/sails/.m2/repository/com/google/guava/guava/31.1-jre/guava-31.1-jre.jar:/Users/sails/.m2/repository/com/google/protobuf/protobuf-java/3.21.6/protobuf-java-3.21.6.jar:/Users/sails/.m2/repository/junit/junit/4.11/junit-4.11.jar:/Users/sails/.m2/repository/org/hamcrest/hamcrest-core/1.3/hamcrest-core-1.3.jar:"/>
    <property name="java.vm.vendor" value="Homebrew"/>
    <property name="sun.arch.data.model" value="64"/>
    <property name="java.vendor.url" value="https://github.com/Homebrew/homebrew-core/issues"/>
    <property name="os.name" value="Mac OS X"/>
    <property name="java.vm.specification.version" value="19"/>
    <property name="sun.java.launcher" value="SUN_STANDARD"/>
    <property name="user.country" value="IN"/>
    <property name="sun.boot.library.path" value="/opt/homebrew/Cellar/openjdk/19/libexec/openjdk.jdk/Contents/Home/lib"/>
    <property name="sun.java.command" value="/Users/sails/Documents/code/mav/child/target/surefire/surefirebooter8480140336351122324.jar /Users/sails/Documents/code/mav/child/target/surefire 2022-10-13T17-35-49_536-jvmRun1 surefire9120638425426522389tmp surefire_011921621779664234576tmp"/>
    <property name="http.nonProxyHosts" value="local|*.local|169.254/16|*.169.254/16"/>
    <property name="jdk.debug" value="release"/>
    <property name="surefire.test.class.path" value="/Users/sails/Documents/code/mav/child/target/test-classes:/Users/sails/Documents/code/mav/child/target/classes:/Users/sails/.m2/repository/org/apache/logging/log4j/log4j-jcl/2.19.0/log4j-jcl-2.19.0.jar:/Users/sails/.m2/repository/commons-logging/commons-logging/1.2/commons-logging-1.2.jar:/Users/sails/.m2/repository/org/apache/logging/log4j/log4j-api/2.19.0/log4j-api-2.19.0.jar:/Users/sails/.m2/repository/org/apache/logging/log4j/log4j-core/2.19.0/log4j-core-2.19.0.jar:/Users/sails/.m2/repository/ch/qos/logback/logback-classic/1.4.3/logback-classic-1.4.3.jar:/Users/sails/.m2/repository/ch/qos/logback/logback-core/1.4.3/logback-core-1.4.3.jar:/Users/sails/.m2/repository/org/slf4j/slf4j-api/2.0.1/slf4j-api-2.0.1.jar:/Users/sails/.m2/repository/com/google/cloud/google-cloud-logging-logback/0.127.10-alpha/google-cloud-logging-logback-0.127.10-alpha.jar:/Users/sails/.m2/repository/com/google/cloud/google-cloud-logging/3.11.3/google-cloud-logging-3.11.3.jar:/Users/sails/.m2/repository/com/google/guava/failureaccess/1.0.1/failureaccess-1.0.1.jar:/Users/sails/.m2/repository/com/google/guava/listenablefuture/9999.0-empty-to-avoid-conflict-with-guava/listenablefuture-9999.0-empty-to-avoid-conflict-with-guava.jar:/Users/sails/.m2/repository/com/google/code/findbugs/jsr305/3.0.2/jsr305-3.0.2.jar:/Users/sails/.m2/repository/org/checkerframework/checker-qual/3.25.0/checker-qual-3.25.0.jar:/Users/sails/.m2/repository/com/google/j2objc/j2objc-annotations/1.3/j2objc-annotations-1.3.jar:/Users/sails/.m2/repository/com/google/code/gson/gson/2.9.1/gson-2.9.1.jar:/Users/sails/.m2/repository/io/grpc/grpc-api/1.49.0/grpc-api-1.49.0.jar:/Users/sails/.m2/repository/io/grpc/grpc-context/1.49.0/grpc-context-1.49.0.jar:/Users/sails/.m2/repository/io/grpc/grpc-stub/1.49.0/grpc-stub-1.49.0.jar:/Users/sails/.m2/repository/io/grpc/grpc-protobuf/1.49.0/grpc-protobuf-1.49.0.jar:/Users/sails/.m2/repository/io/grpc/grpc-protobuf-lite/1.49.0/grpc-protobuf-lite-1.49.0.jar:/Users/sails/.m2/repository/javax/annotation/javax.annotation-api/1.3.2/javax.annotation-api-1.3.2.jar:/Users/sails/.m2/repository/com/google/protobuf/protobuf-java-util/3.21.6/protobuf-java-util-3.21.6.jar:/Users/sails/.m2/repository/com/google/api/grpc/proto-google-common-protos/2.9.2/proto-google-common-protos-2.9.2.jar:/Users/sails/.m2/repository/com/google/api/grpc/proto-google-cloud-logging-v2/0.100.3/proto-google-cloud-logging-v2-0.100.3.jar:/Users/sails/.m2/repository/com/google/api/gax/2.19.1/gax-2.19.1.jar:/Users/sails/.m2/repository/com/google/auth/google-auth-library-credentials/1.11.0/google-auth-library-credentials-1.11.0.jar:/Users/sails/.m2/repository/com/google/api/gax-grpc/2.19.1/gax-grpc-2.19.1.jar:/Users/sails/.m2/repository/io/grpc/grpc-alts/1.49.0/grpc-alts-1.49.0.jar:/Users/sails/.m2/repository/io/grpc/grpc-grpclb/1.49.0/grpc-grpclb-1.49.0.jar:/Users/sails/.m2/repository/org/conscrypt/conscrypt-openjdk-uber/2.5.2/conscrypt-openjdk-uber-2.5.2.jar:/Users/sails/.m2/repository/io/grpc/grpc-auth/1.49.0/grpc-auth-1.49.0.jar:/Users/sails/.m2/repository/io/grpc/grpc-netty-shaded/1.49.0/grpc-netty-shaded-1.49.0.jar:/Users/sails/.m2/repository/io/grpc/grpc-googleapis/1.49.0/grpc-googleapis-1.49.0.jar:/Users/sails/.m2/repository/io/grpc/grpc-xds/1.49.0/grpc-xds-1.49.0.jar:/Users/sails/.m2/repository/io/opencensus/opencensus-proto/0.2.0/opencensus-proto-0.2.0.jar:/Users/sails/.m2/repository/io/grpc/grpc-services/1.49.0/grpc-services-1.49.0.jar:/Users/sails/.m2/repository/com/google/re2j/re2j/1.6/re2j-1.6.jar:/Users/sails/.m2/repository/org/threeten/threetenbp/1.6.1/threetenbp-1.6.1.jar:/Users/sails/.m2/repository/com/google/cloud/google-cloud-core-grpc/2.8.12/google-cloud-core-grpc-2.8.12.jar:/Users/sails/.m2/repository/com/google/auto/value/auto-value-annotations/1.9/auto-value-annotations-1.9.jar:/Users/sails/.m2/repository/com/google/http-client/google-http-client-gson/1.42.2/google-http-client-gson-1.42.2.jar:/Users/sails/.m2/repository/com/google/http-client/google-http-client/1.42.2/google-http-client-1.42.2.jar:/Users/sails/.m2/repository/org/apache/httpcomponents/httpclient/4.5.13/httpclient-4.5.13.jar:/Users/sails/.m2/repository/commons-codec/commons-codec/1.15/commons-codec-1.15.jar:/Users/sails/.m2/repository/org/apache/httpcomponents/httpcore/4.4.15/httpcore-4.4.15.jar:/Users/sails/.m2/repository/io/opencensus/opencensus-api/0.31.1/opencensus-api-0.31.1.jar:/Users/sails/.m2/repository/io/opencensus/opencensus-contrib-http-util/0.31.1/opencensus-contrib-http-util-0.31.1.jar:/Users/sails/.m2/repository/io/grpc/grpc-core/1.49.0/grpc-core-1.49.0.jar:/Users/sails/.m2/repository/com/google/android/annotations/4.1.1.4/annotations-4.1.1.4.jar:/Users/sails/.m2/repository/org/codehaus/mojo/animal-sniffer-annotations/1.22/animal-sniffer-annotations-1.22.jar:/Users/sails/.m2/repository/io/perfmark/perfmark-api/0.25.0/perfmark-api-0.25.0.jar:/Users/sails/.m2/repository/com/google/api/grpc/proto-google-iam-v1/1.5.2/proto-google-iam-v1-1.5.2.jar:/Users/sails/.m2/repository/org/jspecify/jspecify/0.2.0/jspecify-0.2.0.jar:/Users/sails/.m2/repository/com/google/errorprone/error_prone_annotations/2.15.0/error_prone_annotations-2.15.0.jar:/Users/sails/.m2/repository/com/google/api/api-common/2.2.1/api-common-2.2.1.jar:/Users/sails/.m2/repository/com/google/cloud/google-cloud-core/2.8.12/google-cloud-core-2.8.12.jar:/Users/sails/.m2/repository/com/google/auth/google-auth-library-oauth2-http/1.11.0/google-auth-library-oauth2-http-1.11.0.jar:/Users/sails/.m2/repository/com/google/guava/guava/31.1-jre/guava-31.1-jre.jar:/Users/sails/.m2/repository/com/google/protobuf/protobuf-java/3.21.6/protobuf-java-3.21.6.jar:/Users/sails/.m2/repository/junit/junit/4.11/junit-4.11.jar:/Users/sails/.m2/repository/org/hamcrest/hamcrest-core/1.3/hamcrest-core-1.3.jar:"/>
    <property name="sun.cpu.endian" value="little"/>
    <property name="user.home" value="/Users/sails"/>
    <property name="user.language" value="en"/>
    <property name="java.specification.vendor" value="Oracle Corporation"/>
    <property name="java.version.date" value="2022-09-20"/>
    <property name="java.home" value="/opt/homebrew/Cellar/openjdk/19/libexec/openjdk.jdk/Contents/Home"/>
    <property name="file.separator" value="/"/>
    <property name="basedir" value="/Users/sails/Documents/code/mav/child"/>
    <property name="java.vm.compressedOopsMode" value="Zero based"/>
    <property name="line.separator" value="&#10;"/>
    <property name="java.vm.specification.vendor" value="Oracle Corporation"/>
    <property name="java.specification.name" value="Java Platform API Specification"/>
    <property name="apple.awt.application.name" value="ForkedBooter"/>
    <property name="surefire.real.class.path" value="/Users/sails/Documents/code/mav/child/target/surefire/surefirebooter8480140336351122324.jar"/>
    <property name="sun.management.compiler" value="HotSpot 64-Bit Tiered Compilers"/>
    <property name="ftp.nonProxyHosts" value="local|*.local|169.254/16|*.169.254/16"/>
    <property name="java.runtime.version" value="19"/>
    <property name="user.name" value="sails"/>
    <property name="stdout.encoding" value="UTF-8"/>
    <property name="path.separator" value=":"/>
    <property name="os.version" value="12.5.1"/>
    <property name="java.runtime.name" value="OpenJDK Runtime Environment"/>
    <property name="file.encoding" value="UTF-8"/>
    <property name="java.vm.name" value="OpenJDK 64-Bit Server VM"/>
    <property name="java.vendor.version" value="Homebrew"/>
    <property name="localRepository" value="/Users/sails/.m2/repository"/>
    <property name="java.vendor.url.bug" value="https://github.com/Homebrew/homebrew-core/issues"/>
    <property name="java.io.tmpdir" value="/var/folders/n6/mzx0d2kx2zq_0gw4yjqlk1fm0000gp/T/"/>
    <property name="java.version" value="19"/>
    <property name="user.dir" value="/Users/sails/Documents/code/mav/child"/>
    <property name="os.arch" value="aarch64"/>
    <property name="java.vm.specification.name" value="Java Virtual Machine Specification"/>
    <property name="native.encoding" value="UTF-8"/>
    <property name="java.library.path" value="/Users/sails/Library/Java/Extensions:/Library/Java/Extensions:/Network/Library/Java/Extensions:/System/Library/Java/Extensions:/usr/lib/java:."/>
    <property name="java.vm.info" value="mixed mode, sharing"/>
    <property name="stderr.encoding" value="UTF-8"/>
    <property name="java.vendor" value="Homebrew"/>
    <property name="java.vm.version" value="19"/>
    <property name="sun.io.unicode.encoding" value="UnicodeBig"/>
    <property name="socksNonProxyHosts" value="local|*.local|169.254/16|*.169.254/16"/>
    <property name="java.class.version" value="63.0"/>
  </properties>
  <testcase name="shouldAnswerWithTrue" classname="com.onecompany.child.AppTest" time="0.001"/>
</testsuite>